<?xml version="1.0" encoding="UTF-8"?>
<!-- Generated by org.testng.reporters.JUnitReportReporter -->
<testsuite hostname="starfish" name="org.dellroad.jibxbindings.pidf.held.LocationRequestTest" tests="2" failures="0" timestamp="2 Dec 2011 19:55:31 GMT" time="0.002" errors="0">
  <testcase name="testValid" time="0.001" classname="org.dellroad.jibxbindings.pidf.held.LocationRequestTest"/>
  <testcase name="testValid" time="0.001" classname="org.dellroad.jibxbindings.pidf.held.LocationRequestTest"/>
</testsuite>
