<?xml version="1.0" encoding="UTF-8"?>
<!-- Generated by org.testng.reporters.JUnitReportReporter -->
<testsuite hostname="retina.dellroad.org" name="org.dellroad.jibxbindings.twilio.restapi.RestAPIParseTest" tests="49" failures="0" timestamp="16 Nov 2014 16:12:06 GMT" time="0.143" errors="0">
  <testcase name="testValidTwilioResponse" time="0.003" classname="org.dellroad.jibxbindings.twilio.restapi.RestAPIParseTest"/>
  <testcase name="testValidTwilioResponse" time="0.001" classname="org.dellroad.jibxbindings.twilio.restapi.RestAPIParseTest"/>
  <testcase name="testValidTwilioResponse" time="0.005" classname="org.dellroad.jibxbindings.twilio.restapi.RestAPIParseTest"/>
  <testcase name="testValidTwilioResponse" time="0.004" classname="org.dellroad.jibxbindings.twilio.restapi.RestAPIParseTest"/>
  <testcase name="testValidTwilioResponse" time="0.003" classname="org.dellroad.jibxbindings.twilio.restapi.RestAPIParseTest"/>
  <testcase name="testValidTwilioResponse" time="0.001" classname="org.dellroad.jibxbindings.twilio.restapi.RestAPIParseTest"/>
  <testcase name="testValidTwilioResponse" time="0.003" classname="org.dellroad.jibxbindings.twilio.restapi.RestAPIParseTest"/>
  <testcase name="testValidTwilioResponse" time="0.001" classname="org.dellroad.jibxbindings.twilio.restapi.RestAPIParseTest"/>
  <testcase name="testValidTwilioResponse" time="0.004" classname="org.dellroad.jibxbindings.twilio.restapi.RestAPIParseTest"/>
  <testcase name="testValidTwilioResponse" time="0.004" classname="org.dellroad.jibxbindings.twilio.restapi.RestAPIParseTest"/>
  <testcase name="testValidTwilioResponse" time="0.005" classname="org.dellroad.jibxbindings.twilio.restapi.RestAPIParseTest"/>
  <testcase name="testValidTwilioResponse" time="0.003" classname="org.dellroad.jibxbindings.twilio.restapi.RestAPIParseTest"/>
  <testcase name="testValidTwilioResponse" time="0.000" classname="org.dellroad.jibxbindings.twilio.restapi.RestAPIParseTest"/>
  <testcase name="testValidTwilioResponse" time="0.005" classname="org.dellroad.jibxbindings.twilio.restapi.RestAPIParseTest"/>
  <testcase name="testValidTwilioResponse" time="0.001" classname="org.dellroad.jibxbindings.twilio.restapi.RestAPIParseTest"/>
  <testcase name="testValidTwilioResponse" time="0.003" classname="org.dellroad.jibxbindings.twilio.restapi.RestAPIParseTest"/>
  <testcase name="testValidTwilioResponse" time="0.007" classname="org.dellroad.jibxbindings.twilio.restapi.RestAPIParseTest"/>
  <testcase name="testValidTwilioResponse" time="0.006" classname="org.dellroad.jibxbindings.twilio.restapi.RestAPIParseTest"/>
  <testcase name="testValidTwilioResponse" time="0.003" classname="org.dellroad.jibxbindings.twilio.restapi.RestAPIParseTest"/>
  <testcase name="testValidTwilioResponse" time="0.003" classname="org.dellroad.jibxbindings.twilio.restapi.RestAPIParseTest"/>
  <testcase name="testValidTwilioResponse" time="0.001" classname="org.dellroad.jibxbindings.twilio.restapi.RestAPIParseTest"/>
  <testcase name="testValidTwilioResponse" time="0.004" classname="org.dellroad.jibxbindings.twilio.restapi.RestAPIParseTest"/>
  <testcase name="testValidTwilioResponse" time="0.002" classname="org.dellroad.jibxbindings.twilio.restapi.RestAPIParseTest"/>
  <testcase name="testValidTwilioResponse" time="0.003" classname="org.dellroad.jibxbindings.twilio.restapi.RestAPIParseTest"/>
  <testcase name="testValidTwilioResponse" time="0.005" classname="org.dellroad.jibxbindings.twilio.restapi.RestAPIParseTest"/>
  <testcase name="testValidTwilioResponse" time="0.002" classname="org.dellroad.jibxbindings.twilio.restapi.RestAPIParseTest"/>
  <testcase name="testValidTwilioResponse" time="0.002" classname="org.dellroad.jibxbindings.twilio.restapi.RestAPIParseTest"/>
  <testcase name="testValidTwilioResponse" time="0.005" classname="org.dellroad.jibxbindings.twilio.restapi.RestAPIParseTest"/>
  <testcase name="testValidTwilioResponse" time="0.004" classname="org.dellroad.jibxbindings.twilio.restapi.RestAPIParseTest"/>
  <testcase name="testValidTwilioResponse" time="0.002" classname="org.dellroad.jibxbindings.twilio.restapi.RestAPIParseTest"/>
  <testcase name="testValidTwilioResponse" time="0.003" classname="org.dellroad.jibxbindings.twilio.restapi.RestAPIParseTest"/>
  <testcase name="testValidTwilioResponse" time="0.002" classname="org.dellroad.jibxbindings.twilio.restapi.RestAPIParseTest"/>
  <testcase name="testValidTwilioResponse" time="0.002" classname="org.dellroad.jibxbindings.twilio.restapi.RestAPIParseTest"/>
  <testcase name="testValidTwilioResponse" time="0.004" classname="org.dellroad.jibxbindings.twilio.restapi.RestAPIParseTest"/>
  <testcase name="testValidTwilioResponse" time="0.002" classname="org.dellroad.jibxbindings.twilio.restapi.RestAPIParseTest"/>
  <testcase name="testValidTwilioResponse" time="0.004" classname="org.dellroad.jibxbindings.twilio.restapi.RestAPIParseTest"/>
  <testcase name="testValidTwilioResponse" time="0.001" classname="org.dellroad.jibxbindings.twilio.restapi.RestAPIParseTest"/>
  <testcase name="testValidTwilioResponse" time="0.003" classname="org.dellroad.jibxbindings.twilio.restapi.RestAPIParseTest"/>
  <testcase name="testValidTwilioResponse" time="0.001" classname="org.dellroad.jibxbindings.twilio.restapi.RestAPIParseTest"/>
  <testcase name="testValidTwilioResponse" time="0.000" classname="org.dellroad.jibxbindings.twilio.restapi.RestAPIParseTest"/>
  <testcase name="testValidTwilioResponse" time="0.007" classname="org.dellroad.jibxbindings.twilio.restapi.RestAPIParseTest"/>
  <testcase name="testValidTwilioResponse" time="0.002" classname="org.dellroad.jibxbindings.twilio.restapi.RestAPIParseTest"/>
  <testcase name="testValidTwilioResponse" time="0.002" classname="org.dellroad.jibxbindings.twilio.restapi.RestAPIParseTest"/>
  <testcase name="testValidTwilioResponse" time="0.001" classname="org.dellroad.jibxbindings.twilio.restapi.RestAPIParseTest"/>
  <testcase name="testValidTwilioResponse" time="0.002" classname="org.dellroad.jibxbindings.twilio.restapi.RestAPIParseTest"/>
  <testcase name="testValidTwilioResponse" time="0.002" classname="org.dellroad.jibxbindings.twilio.restapi.RestAPIParseTest"/>
  <testcase name="testValidTwilioResponse" time="0.005" classname="org.dellroad.jibxbindings.twilio.restapi.RestAPIParseTest"/>
  <testcase name="testValidTwilioResponse" time="0.002" classname="org.dellroad.jibxbindings.twilio.restapi.RestAPIParseTest"/>
  <testcase name="testValidTwilioResponse" time="0.003" classname="org.dellroad.jibxbindings.twilio.restapi.RestAPIParseTest"/>
</testsuite> <!-- org.dellroad.jibxbindings.twilio.restapi.RestAPIParseTest -->
