<?xml version="1.0" encoding="UTF-8"?>
<!-- Generated by org.testng.reporters.JUnitReportReporter -->
<testsuite hostname="retina.dellroad.org" name="org.dellroad.jibxbindings.pidf.lo.ecd.ECDParseTest" tests="10" failures="0" timestamp="5 Nov 2014 14:07:46 GMT" time="0.243" errors="0">
  <testcase name="testValid" time="0.008" classname="org.dellroad.jibxbindings.pidf.lo.ecd.ECDParseTest"/>
  <testcase name="testValid" time="0.007" classname="org.dellroad.jibxbindings.pidf.lo.ecd.ECDParseTest"/>
  <testcase name="testValid" time="0.131" classname="org.dellroad.jibxbindings.pidf.lo.ecd.ECDParseTest"/>
  <testcase name="testValid" time="0.003" classname="org.dellroad.jibxbindings.pidf.lo.ecd.ECDParseTest"/>
  <testcase name="testValid" time="0.006" classname="org.dellroad.jibxbindings.pidf.lo.ecd.ECDParseTest"/>
  <testcase name="testValid" time="0.004" classname="org.dellroad.jibxbindings.pidf.lo.ecd.ECDParseTest"/>
  <testcase name="testValid" time="0.004" classname="org.dellroad.jibxbindings.pidf.lo.ecd.ECDParseTest"/>
  <testcase name="testValid" time="0.031" classname="org.dellroad.jibxbindings.pidf.lo.ecd.ECDParseTest"/>
  <testcase name="testValid" time="0.042" classname="org.dellroad.jibxbindings.pidf.lo.ecd.ECDParseTest"/>
  <testcase name="testValid" time="0.007" classname="org.dellroad.jibxbindings.pidf.lo.ecd.ECDParseTest"/>
</testsuite> <!-- org.dellroad.jibxbindings.pidf.lo.ecd.ECDParseTest -->
