<?xml version="1.0" encoding="UTF-8"?>
<!-- Generated by org.testng.reporters.JUnitReportReporter -->
<testsuite hostname="ops.patientexp.com" name="org.dellroad.jibxbindings.ParseUtilTest" tests="14" failures="0" timestamp="12 Apr 2013 02:19:13 GMT" time="0.007" errors="0">
  <testcase name="testRFC3339" time="0.001" classname="org.dellroad.jibxbindings.ParseUtilTest"/>
  <testcase name="testRFC3339" time="0.001" classname="org.dellroad.jibxbindings.ParseUtilTest"/>
  <testcase name="testRFC3339" time="0.000" classname="org.dellroad.jibxbindings.ParseUtilTest"/>
  <testcase name="testRFC3339" time="0.001" classname="org.dellroad.jibxbindings.ParseUtilTest"/>
  <testcase name="testRFC3339" time="0.000" classname="org.dellroad.jibxbindings.ParseUtilTest"/>
  <testcase name="testRFC3339" time="0.000" classname="org.dellroad.jibxbindings.ParseUtilTest"/>
  <testcase name="testRFC3339" time="0.000" classname="org.dellroad.jibxbindings.ParseUtilTest"/>
  <testcase name="testRFC3339" time="0.000" classname="org.dellroad.jibxbindings.ParseUtilTest"/>
  <testcase name="testRFC3339" time="0.000" classname="org.dellroad.jibxbindings.ParseUtilTest"/>
  <testcase name="testRFC3339" time="0.001" classname="org.dellroad.jibxbindings.ParseUtilTest"/>
  <testcase name="testRFC3339" time="0.001" classname="org.dellroad.jibxbindings.ParseUtilTest"/>
  <testcase name="testRFC3339" time="0.001" classname="org.dellroad.jibxbindings.ParseUtilTest"/>
  <testcase name="testRFC3339" time="0.001" classname="org.dellroad.jibxbindings.ParseUtilTest"/>
  <testcase name="testRFC3339" time="0.000" classname="org.dellroad.jibxbindings.ParseUtilTest"/>
</testsuite>
