<?xml version="1.0" encoding="UTF-8"?>
<!-- Generated by org.testng.reporters.JUnitReportReporter -->
<testsuite hostname="macbook.dellroad.org" name="org.dellroad.jibxbindings.pidf.PIDFParseTest" tests="17" failures="0" timestamp="8 Dec 2011 20:39:52 GMT" time="0.368" errors="0">
  <testcase name="testValid" time="0.032" classname="org.dellroad.jibxbindings.pidf.PIDFParseTest"/>
  <testcase name="testValid" time="0.040" classname="org.dellroad.jibxbindings.pidf.PIDFParseTest"/>
  <testcase name="testValid" time="0.022" classname="org.dellroad.jibxbindings.pidf.PIDFParseTest"/>
  <testcase name="testValid" time="0.011" classname="org.dellroad.jibxbindings.pidf.PIDFParseTest"/>
  <testcase name="testValid" time="0.019" classname="org.dellroad.jibxbindings.pidf.PIDFParseTest"/>
  <testcase name="testValid" time="0.035" classname="org.dellroad.jibxbindings.pidf.PIDFParseTest"/>
  <testcase name="testValid" time="0.005" classname="org.dellroad.jibxbindings.pidf.PIDFParseTest"/>
  <testcase name="testValid" time="0.009" classname="org.dellroad.jibxbindings.pidf.PIDFParseTest"/>
  <testcase name="testValid" time="0.008" classname="org.dellroad.jibxbindings.pidf.PIDFParseTest"/>
  <testcase name="testValid" time="0.005" classname="org.dellroad.jibxbindings.pidf.PIDFParseTest"/>
  <testcase name="testValid" time="0.041" classname="org.dellroad.jibxbindings.pidf.PIDFParseTest"/>
  <testcase name="testValid" time="0.072" classname="org.dellroad.jibxbindings.pidf.PIDFParseTest"/>
  <testcase name="testValid" time="0.004" classname="org.dellroad.jibxbindings.pidf.PIDFParseTest"/>
  <testcase name="testValid" time="0.004" classname="org.dellroad.jibxbindings.pidf.PIDFParseTest"/>
  <testcase name="testValid" time="0.047" classname="org.dellroad.jibxbindings.pidf.PIDFParseTest"/>
  <testcase name="testValid" time="0.011" classname="org.dellroad.jibxbindings.pidf.PIDFParseTest"/>
  <testcase name="testValid" time="0.003" classname="org.dellroad.jibxbindings.pidf.PIDFParseTest"/>
</testsuite>
