<?xml version="1.0" encoding="UTF-8"?>
<!-- Generated by org.testng.reporters.JUnitReportReporter -->
<testsuite hostname="retina.dellroad.org" name="org.dellroad.jibxbindings.pidf.held.LocationResponseTest" tests="4" failures="0" timestamp="20 Mar 2014 18:59:45 GMT" time="0.040" errors="0">
  <testcase name="testValid" time="0.011" classname="org.dellroad.jibxbindings.pidf.held.LocationResponseTest"/>
  <testcase name="testValid" time="0.021" classname="org.dellroad.jibxbindings.pidf.held.LocationResponseTest"/>
  <testcase name="testValid" time="0.002" classname="org.dellroad.jibxbindings.pidf.held.LocationResponseTest"/>
  <testcase name="testValid" time="0.006" classname="org.dellroad.jibxbindings.pidf.held.LocationResponseTest"/>
</testsuite>
