<?xml version="1.0" encoding="UTF-8"?>
<!-- Generated by org.testng.reporters.JUnitReportReporter -->
<testsuite hostname="retina.dellroad.org" name="org.dellroad.jibxbindings.pidf.PIDFParseTest" tests="17" failures="0" timestamp="16 Nov 2014 16:12:06 GMT" time="0.070" errors="0">
  <testcase name="testValid" time="0.004" classname="org.dellroad.jibxbindings.pidf.PIDFParseTest"/>
  <testcase name="testValid" time="0.002" classname="org.dellroad.jibxbindings.pidf.PIDFParseTest"/>
  <testcase name="testValid" time="0.005" classname="org.dellroad.jibxbindings.pidf.PIDFParseTest"/>
  <testcase name="testValid" time="0.005" classname="org.dellroad.jibxbindings.pidf.PIDFParseTest"/>
  <testcase name="testValid" time="0.005" classname="org.dellroad.jibxbindings.pidf.PIDFParseTest"/>
  <testcase name="testValid" time="0.005" classname="org.dellroad.jibxbindings.pidf.PIDFParseTest"/>
  <testcase name="testValid" time="0.004" classname="org.dellroad.jibxbindings.pidf.PIDFParseTest"/>
  <testcase name="testValid" time="0.004" classname="org.dellroad.jibxbindings.pidf.PIDFParseTest"/>
  <testcase name="testValid" time="0.005" classname="org.dellroad.jibxbindings.pidf.PIDFParseTest"/>
  <testcase name="testValid" time="0.003" classname="org.dellroad.jibxbindings.pidf.PIDFParseTest"/>
  <testcase name="testValid" time="0.005" classname="org.dellroad.jibxbindings.pidf.PIDFParseTest"/>
  <testcase name="testValid" time="0.006" classname="org.dellroad.jibxbindings.pidf.PIDFParseTest"/>
  <testcase name="testValid" time="0.004" classname="org.dellroad.jibxbindings.pidf.PIDFParseTest"/>
  <testcase name="testValid" time="0.003" classname="org.dellroad.jibxbindings.pidf.PIDFParseTest"/>
  <testcase name="testValid" time="0.004" classname="org.dellroad.jibxbindings.pidf.PIDFParseTest"/>
  <testcase name="testValid" time="0.003" classname="org.dellroad.jibxbindings.pidf.PIDFParseTest"/>
  <testcase name="testValid" time="0.003" classname="org.dellroad.jibxbindings.pidf.PIDFParseTest"/>
</testsuite> <!-- org.dellroad.jibxbindings.pidf.PIDFParseTest -->
