<?xml version="1.0" encoding="UTF-8"?>
<!-- Generated by org.testng.reporters.JUnitReportReporter -->
<testsuite hostname="starfish" name="org.dellroad.jibxbindings.pidf.held.LocationResponseTest" tests="4" failures="0" timestamp="27 Nov 2011 20:11:25 GMT" time="0.031" errors="0">
  <testcase name="testValid" time="0.009" classname="org.dellroad.jibxbindings.pidf.held.LocationResponseTest"/>
  <testcase name="testValid" time="0.003" classname="org.dellroad.jibxbindings.pidf.held.LocationResponseTest"/>
  <testcase name="testValid" time="0.006" classname="org.dellroad.jibxbindings.pidf.held.LocationResponseTest"/>
  <testcase name="testValid" time="0.013" classname="org.dellroad.jibxbindings.pidf.held.LocationResponseTest"/>
</testsuite>
