<?xml version="1.0" encoding="UTF-8"?>
<!-- Generated by org.testng.reporters.JUnitReportReporter -->
<testsuite hostname="ops.patientexp.com" name="org.dellroad.jibxbindings.pidf.PIDFParseTest" tests="17" failures="0" timestamp="12 Apr 2013 02:19:13 GMT" time="0.069" errors="0">
  <testcase name="testValid" time="0.004" classname="org.dellroad.jibxbindings.pidf.PIDFParseTest"/>
  <testcase name="testValid" time="0.003" classname="org.dellroad.jibxbindings.pidf.PIDFParseTest"/>
  <testcase name="testValid" time="0.004" classname="org.dellroad.jibxbindings.pidf.PIDFParseTest"/>
  <testcase name="testValid" time="0.001" classname="org.dellroad.jibxbindings.pidf.PIDFParseTest"/>
  <testcase name="testValid" time="0.004" classname="org.dellroad.jibxbindings.pidf.PIDFParseTest"/>
  <testcase name="testValid" time="0.009" classname="org.dellroad.jibxbindings.pidf.PIDFParseTest"/>
  <testcase name="testValid" time="0.004" classname="org.dellroad.jibxbindings.pidf.PIDFParseTest"/>
  <testcase name="testValid" time="0.010" classname="org.dellroad.jibxbindings.pidf.PIDFParseTest"/>
  <testcase name="testValid" time="0.004" classname="org.dellroad.jibxbindings.pidf.PIDFParseTest"/>
  <testcase name="testValid" time="0.004" classname="org.dellroad.jibxbindings.pidf.PIDFParseTest"/>
  <testcase name="testValid" time="0.004" classname="org.dellroad.jibxbindings.pidf.PIDFParseTest"/>
  <testcase name="testValid" time="0.005" classname="org.dellroad.jibxbindings.pidf.PIDFParseTest"/>
  <testcase name="testValid" time="0.002" classname="org.dellroad.jibxbindings.pidf.PIDFParseTest"/>
  <testcase name="testValid" time="0.005" classname="org.dellroad.jibxbindings.pidf.PIDFParseTest"/>
  <testcase name="testValid" time="0.002" classname="org.dellroad.jibxbindings.pidf.PIDFParseTest"/>
  <testcase name="testValid" time="0.002" classname="org.dellroad.jibxbindings.pidf.PIDFParseTest"/>
  <testcase name="testValid" time="0.002" classname="org.dellroad.jibxbindings.pidf.PIDFParseTest"/>
</testsuite>
