<?xml version="1.0" encoding="UTF-8"?>
<!-- Generated by org.testng.reporters.JUnitReportReporter -->
<testsuite hostname="ecx.dellroad.org" name="org.dellroad.jibxbindings.twilio.restapi.RestAPIParseTest" tests="49" failures="0" timestamp="8 Jul 2011 03:09:05 GMT" time="0.290" errors="0">
  <testcase name="testValidTwilioResponse" time="0.004" classname="org.dellroad.jibxbindings.twilio.restapi.RestAPIParseTest"/>
  <testcase name="testValidTwilioResponse" time="0.003" classname="org.dellroad.jibxbindings.twilio.restapi.RestAPIParseTest"/>
  <testcase name="testValidTwilioResponse" time="0.005" classname="org.dellroad.jibxbindings.twilio.restapi.RestAPIParseTest"/>
  <testcase name="testValidTwilioResponse" time="0.001" classname="org.dellroad.jibxbindings.twilio.restapi.RestAPIParseTest"/>
  <testcase name="testValidTwilioResponse" time="0.005" classname="org.dellroad.jibxbindings.twilio.restapi.RestAPIParseTest"/>
  <testcase name="testValidTwilioResponse" time="0.010" classname="org.dellroad.jibxbindings.twilio.restapi.RestAPIParseTest"/>
  <testcase name="testValidTwilioResponse" time="0.007" classname="org.dellroad.jibxbindings.twilio.restapi.RestAPIParseTest"/>
  <testcase name="testValidTwilioResponse" time="0.007" classname="org.dellroad.jibxbindings.twilio.restapi.RestAPIParseTest"/>
  <testcase name="testValidTwilioResponse" time="0.003" classname="org.dellroad.jibxbindings.twilio.restapi.RestAPIParseTest"/>
  <testcase name="testValidTwilioResponse" time="0.004" classname="org.dellroad.jibxbindings.twilio.restapi.RestAPIParseTest"/>
  <testcase name="testValidTwilioResponse" time="0.006" classname="org.dellroad.jibxbindings.twilio.restapi.RestAPIParseTest"/>
  <testcase name="testValidTwilioResponse" time="0.006" classname="org.dellroad.jibxbindings.twilio.restapi.RestAPIParseTest"/>
  <testcase name="testValidTwilioResponse" time="0.005" classname="org.dellroad.jibxbindings.twilio.restapi.RestAPIParseTest"/>
  <testcase name="testValidTwilioResponse" time="0.013" classname="org.dellroad.jibxbindings.twilio.restapi.RestAPIParseTest"/>
  <testcase name="testValidTwilioResponse" time="0.008" classname="org.dellroad.jibxbindings.twilio.restapi.RestAPIParseTest"/>
  <testcase name="testValidTwilioResponse" time="0.018" classname="org.dellroad.jibxbindings.twilio.restapi.RestAPIParseTest"/>
  <testcase name="testValidTwilioResponse" time="0.004" classname="org.dellroad.jibxbindings.twilio.restapi.RestAPIParseTest"/>
  <testcase name="testValidTwilioResponse" time="0.003" classname="org.dellroad.jibxbindings.twilio.restapi.RestAPIParseTest"/>
  <testcase name="testValidTwilioResponse" time="0.001" classname="org.dellroad.jibxbindings.twilio.restapi.RestAPIParseTest"/>
  <testcase name="testValidTwilioResponse" time="0.003" classname="org.dellroad.jibxbindings.twilio.restapi.RestAPIParseTest"/>
  <testcase name="testValidTwilioResponse" time="0.005" classname="org.dellroad.jibxbindings.twilio.restapi.RestAPIParseTest"/>
  <testcase name="testValidTwilioResponse" time="0.003" classname="org.dellroad.jibxbindings.twilio.restapi.RestAPIParseTest"/>
  <testcase name="testValidTwilioResponse" time="0.007" classname="org.dellroad.jibxbindings.twilio.restapi.RestAPIParseTest"/>
  <testcase name="testValidTwilioResponse" time="0.005" classname="org.dellroad.jibxbindings.twilio.restapi.RestAPIParseTest"/>
  <testcase name="testValidTwilioResponse" time="0.003" classname="org.dellroad.jibxbindings.twilio.restapi.RestAPIParseTest"/>
  <testcase name="testValidTwilioResponse" time="0.002" classname="org.dellroad.jibxbindings.twilio.restapi.RestAPIParseTest"/>
  <testcase name="testValidTwilioResponse" time="0.035" classname="org.dellroad.jibxbindings.twilio.restapi.RestAPIParseTest"/>
  <testcase name="testValidTwilioResponse" time="0.003" classname="org.dellroad.jibxbindings.twilio.restapi.RestAPIParseTest"/>
  <testcase name="testValidTwilioResponse" time="0.003" classname="org.dellroad.jibxbindings.twilio.restapi.RestAPIParseTest"/>
  <testcase name="testValidTwilioResponse" time="0.003" classname="org.dellroad.jibxbindings.twilio.restapi.RestAPIParseTest"/>
  <testcase name="testValidTwilioResponse" time="0.007" classname="org.dellroad.jibxbindings.twilio.restapi.RestAPIParseTest"/>
  <testcase name="testValidTwilioResponse" time="0.005" classname="org.dellroad.jibxbindings.twilio.restapi.RestAPIParseTest"/>
  <testcase name="testValidTwilioResponse" time="0.006" classname="org.dellroad.jibxbindings.twilio.restapi.RestAPIParseTest"/>
  <testcase name="testValidTwilioResponse" time="0.004" classname="org.dellroad.jibxbindings.twilio.restapi.RestAPIParseTest"/>
  <testcase name="testValidTwilioResponse" time="0.004" classname="org.dellroad.jibxbindings.twilio.restapi.RestAPIParseTest"/>
  <testcase name="testValidTwilioResponse" time="0.004" classname="org.dellroad.jibxbindings.twilio.restapi.RestAPIParseTest"/>
  <testcase name="testValidTwilioResponse" time="0.017" classname="org.dellroad.jibxbindings.twilio.restapi.RestAPIParseTest"/>
  <testcase name="testValidTwilioResponse" time="0.004" classname="org.dellroad.jibxbindings.twilio.restapi.RestAPIParseTest"/>
  <testcase name="testValidTwilioResponse" time="0.006" classname="org.dellroad.jibxbindings.twilio.restapi.RestAPIParseTest"/>
  <testcase name="testValidTwilioResponse" time="0.007" classname="org.dellroad.jibxbindings.twilio.restapi.RestAPIParseTest"/>
  <testcase name="testValidTwilioResponse" time="0.005" classname="org.dellroad.jibxbindings.twilio.restapi.RestAPIParseTest"/>
  <testcase name="testValidTwilioResponse" time="0.012" classname="org.dellroad.jibxbindings.twilio.restapi.RestAPIParseTest"/>
  <testcase name="testValidTwilioResponse" time="0.004" classname="org.dellroad.jibxbindings.twilio.restapi.RestAPIParseTest"/>
  <testcase name="testValidTwilioResponse" time="0.001" classname="org.dellroad.jibxbindings.twilio.restapi.RestAPIParseTest"/>
  <testcase name="testValidTwilioResponse" time="0.004" classname="org.dellroad.jibxbindings.twilio.restapi.RestAPIParseTest"/>
  <testcase name="testValidTwilioResponse" time="0.005" classname="org.dellroad.jibxbindings.twilio.restapi.RestAPIParseTest"/>
  <testcase name="testValidTwilioResponse" time="0.002" classname="org.dellroad.jibxbindings.twilio.restapi.RestAPIParseTest"/>
  <testcase name="testValidTwilioResponse" time="0.004" classname="org.dellroad.jibxbindings.twilio.restapi.RestAPIParseTest"/>
  <testcase name="testValidTwilioResponse" time="0.004" classname="org.dellroad.jibxbindings.twilio.restapi.RestAPIParseTest"/>
</testsuite>
