<?xml version="1.0" encoding="UTF-8"?>
<!-- Generated by org.testng.reporters.JUnitReportReporter -->
<testsuite hostname="retina.dellroad.org" name="org.dellroad.jibxbindings.pidf.lo.ecd.ECDParseTest" tests="10" failures="0" timestamp="5 Nov 2014 16:31:02 GMT" time="0.210" errors="0">
  <testcase name="testValid" time="0.006" classname="org.dellroad.jibxbindings.pidf.lo.ecd.ECDParseTest"/>
  <testcase name="testValid" time="0.006" classname="org.dellroad.jibxbindings.pidf.lo.ecd.ECDParseTest"/>
  <testcase name="testValid" time="0.105" classname="org.dellroad.jibxbindings.pidf.lo.ecd.ECDParseTest"/>
  <testcase name="testValid" time="0.004" classname="org.dellroad.jibxbindings.pidf.lo.ecd.ECDParseTest"/>
  <testcase name="testValid" time="0.005" classname="org.dellroad.jibxbindings.pidf.lo.ecd.ECDParseTest"/>
  <testcase name="testValid" time="0.004" classname="org.dellroad.jibxbindings.pidf.lo.ecd.ECDParseTest"/>
  <testcase name="testValid" time="0.003" classname="org.dellroad.jibxbindings.pidf.lo.ecd.ECDParseTest"/>
  <testcase name="testValid" time="0.029" classname="org.dellroad.jibxbindings.pidf.lo.ecd.ECDParseTest"/>
  <testcase name="testValid" time="0.041" classname="org.dellroad.jibxbindings.pidf.lo.ecd.ECDParseTest"/>
  <testcase name="testValid" time="0.007" classname="org.dellroad.jibxbindings.pidf.lo.ecd.ECDParseTest"/>
</testsuite> <!-- org.dellroad.jibxbindings.pidf.lo.ecd.ECDParseTest -->
