<?xml version="1.0" encoding="UTF-8"?>
<!-- Generated by org.testng.reporters.JUnitReportReporter -->
<testsuite hostname="macbook.dellroad.org" name="org.dellroad.jibxbindings.pidf.held.LocationResponseTest" tests="4" failures="0" timestamp="2 Apr 2012 18:19:58 GMT" time="0.069" errors="0">
  <testcase name="testValid" time="0.037" classname="org.dellroad.jibxbindings.pidf.held.LocationResponseTest"/>
  <testcase name="testValid" time="0.019" classname="org.dellroad.jibxbindings.pidf.held.LocationResponseTest"/>
  <testcase name="testValid" time="0.002" classname="org.dellroad.jibxbindings.pidf.held.LocationResponseTest"/>
  <testcase name="testValid" time="0.011" classname="org.dellroad.jibxbindings.pidf.held.LocationResponseTest"/>
</testsuite>
