<?xml version="1.0" encoding="UTF-8"?>
<!-- Generated by org.testng.reporters.JUnitReportReporter -->
<testsuite hostname="macbook.dellroad.org" name="org.dellroad.jibxbindings.twilio.twiml.TwiMLParseTest" tests="10" failures="0" timestamp="8 Dec 2011 20:39:52 GMT" time="0.026" errors="0">
  <testcase name="testValidResponse" time="0.004" classname="org.dellroad.jibxbindings.twilio.twiml.TwiMLParseTest"/>
  <testcase name="testValidResponse" time="0.001" classname="org.dellroad.jibxbindings.twilio.twiml.TwiMLParseTest"/>
  <testcase name="testValidResponse" time="0.001" classname="org.dellroad.jibxbindings.twilio.twiml.TwiMLParseTest"/>
  <testcase name="testValidResponse" time="0.001" classname="org.dellroad.jibxbindings.twilio.twiml.TwiMLParseTest"/>
  <testcase name="testValidResponse" time="0.001" classname="org.dellroad.jibxbindings.twilio.twiml.TwiMLParseTest"/>
  <testcase name="testValidResponse" time="0.001" classname="org.dellroad.jibxbindings.twilio.twiml.TwiMLParseTest"/>
  <testcase name="testValidResponse" time="0.014" classname="org.dellroad.jibxbindings.twilio.twiml.TwiMLParseTest"/>
  <testcase name="testValidResponse" time="0.001" classname="org.dellroad.jibxbindings.twilio.twiml.TwiMLParseTest"/>
  <testcase name="testValidResponse" time="0.001" classname="org.dellroad.jibxbindings.twilio.twiml.TwiMLParseTest"/>
  <testcase name="testValidResponse" time="0.001" classname="org.dellroad.jibxbindings.twilio.twiml.TwiMLParseTest"/>
</testsuite>
