<?xml version="1.0" encoding="UTF-8"?>
<!-- Generated by org.testng.reporters.JUnitReportReporter -->
<testsuite hostname="macbook.dellroad.org" name="org.dellroad.jibxbindings.pidf.held.ErrorTest" tests="2" failures="0" timestamp="8 Dec 2011 20:39:52 GMT" time="0.009" errors="0">
  <testcase name="testValid" time="0.001" classname="org.dellroad.jibxbindings.pidf.held.ErrorTest"/>
  <testcase name="testValid" time="0.008" classname="org.dellroad.jibxbindings.pidf.held.ErrorTest"/>
</testsuite>
