<?xml version="1.0" encoding="UTF-8"?>
<!-- Generated by org.testng.reporters.JUnitReportReporter -->
<testsuite hostname="starfish" name="org.dellroad.jibxbindings.pidf.held.LocationResponseTest" tests="4" failures="0" timestamp="2 Dec 2011 19:55:31 GMT" time="0.026" errors="0">
  <testcase name="testValid" time="0.002" classname="org.dellroad.jibxbindings.pidf.held.LocationResponseTest"/>
  <testcase name="testValid" time="0.007" classname="org.dellroad.jibxbindings.pidf.held.LocationResponseTest"/>
  <testcase name="testValid" time="0.011" classname="org.dellroad.jibxbindings.pidf.held.LocationResponseTest"/>
  <testcase name="testValid" time="0.006" classname="org.dellroad.jibxbindings.pidf.held.LocationResponseTest"/>
</testsuite>
