<?xml version="1.0" encoding="UTF-8"?>
<!-- Generated by org.testng.reporters.JUnitReportReporter -->
<testsuite hostname="retina.dellroad.org" name="org.dellroad.jibxbindings.pidf.lo.ecd.ECDParseTest" tests="10" failures="0" timestamp="10 Nov 2014 18:38:35 GMT" time="0.256" errors="0">
  <testcase name="testValid" time="0.009" classname="org.dellroad.jibxbindings.pidf.lo.ecd.ECDParseTest"/>
  <testcase name="testValid" time="0.053" classname="org.dellroad.jibxbindings.pidf.lo.ecd.ECDParseTest"/>
  <testcase name="testValid" time="0.120" classname="org.dellroad.jibxbindings.pidf.lo.ecd.ECDParseTest"/>
  <testcase name="testValid" time="0.007" classname="org.dellroad.jibxbindings.pidf.lo.ecd.ECDParseTest"/>
  <testcase name="testValid" time="0.007" classname="org.dellroad.jibxbindings.pidf.lo.ecd.ECDParseTest"/>
  <testcase name="testValid" time="0.005" classname="org.dellroad.jibxbindings.pidf.lo.ecd.ECDParseTest"/>
  <testcase name="testValid" time="0.004" classname="org.dellroad.jibxbindings.pidf.lo.ecd.ECDParseTest"/>
  <testcase name="testValid" time="0.006" classname="org.dellroad.jibxbindings.pidf.lo.ecd.ECDParseTest"/>
  <testcase name="testValid" time="0.040" classname="org.dellroad.jibxbindings.pidf.lo.ecd.ECDParseTest"/>
  <testcase name="testValid" time="0.005" classname="org.dellroad.jibxbindings.pidf.lo.ecd.ECDParseTest"/>
</testsuite> <!-- org.dellroad.jibxbindings.pidf.lo.ecd.ECDParseTest -->
