<?xml version="1.0" encoding="UTF-8"?>
<!-- Generated by org.testng.reporters.JUnitReportReporter -->
<testsuite hostname="starfish" name="org.dellroad.jibxbindings.twilio.restapi.RestAPIParseTest" tests="49" failures="0" timestamp="2 Dec 2011 19:55:31 GMT" time="0.181" errors="0">
  <testcase name="testValidTwilioResponse" time="0.004" classname="org.dellroad.jibxbindings.twilio.restapi.RestAPIParseTest"/>
  <testcase name="testValidTwilioResponse" time="0.004" classname="org.dellroad.jibxbindings.twilio.restapi.RestAPIParseTest"/>
  <testcase name="testValidTwilioResponse" time="0.003" classname="org.dellroad.jibxbindings.twilio.restapi.RestAPIParseTest"/>
  <testcase name="testValidTwilioResponse" time="0.004" classname="org.dellroad.jibxbindings.twilio.restapi.RestAPIParseTest"/>
  <testcase name="testValidTwilioResponse" time="0.004" classname="org.dellroad.jibxbindings.twilio.restapi.RestAPIParseTest"/>
  <testcase name="testValidTwilioResponse" time="0.001" classname="org.dellroad.jibxbindings.twilio.restapi.RestAPIParseTest"/>
  <testcase name="testValidTwilioResponse" time="0.001" classname="org.dellroad.jibxbindings.twilio.restapi.RestAPIParseTest"/>
  <testcase name="testValidTwilioResponse" time="0.004" classname="org.dellroad.jibxbindings.twilio.restapi.RestAPIParseTest"/>
  <testcase name="testValidTwilioResponse" time="0.002" classname="org.dellroad.jibxbindings.twilio.restapi.RestAPIParseTest"/>
  <testcase name="testValidTwilioResponse" time="0.003" classname="org.dellroad.jibxbindings.twilio.restapi.RestAPIParseTest"/>
  <testcase name="testValidTwilioResponse" time="0.002" classname="org.dellroad.jibxbindings.twilio.restapi.RestAPIParseTest"/>
  <testcase name="testValidTwilioResponse" time="0.003" classname="org.dellroad.jibxbindings.twilio.restapi.RestAPIParseTest"/>
  <testcase name="testValidTwilioResponse" time="0.004" classname="org.dellroad.jibxbindings.twilio.restapi.RestAPIParseTest"/>
  <testcase name="testValidTwilioResponse" time="0.005" classname="org.dellroad.jibxbindings.twilio.restapi.RestAPIParseTest"/>
  <testcase name="testValidTwilioResponse" time="0.005" classname="org.dellroad.jibxbindings.twilio.restapi.RestAPIParseTest"/>
  <testcase name="testValidTwilioResponse" time="0.003" classname="org.dellroad.jibxbindings.twilio.restapi.RestAPIParseTest"/>
  <testcase name="testValidTwilioResponse" time="0.003" classname="org.dellroad.jibxbindings.twilio.restapi.RestAPIParseTest"/>
  <testcase name="testValidTwilioResponse" time="0.005" classname="org.dellroad.jibxbindings.twilio.restapi.RestAPIParseTest"/>
  <testcase name="testValidTwilioResponse" time="0.004" classname="org.dellroad.jibxbindings.twilio.restapi.RestAPIParseTest"/>
  <testcase name="testValidTwilioResponse" time="0.006" classname="org.dellroad.jibxbindings.twilio.restapi.RestAPIParseTest"/>
  <testcase name="testValidTwilioResponse" time="0.001" classname="org.dellroad.jibxbindings.twilio.restapi.RestAPIParseTest"/>
  <testcase name="testValidTwilioResponse" time="0.003" classname="org.dellroad.jibxbindings.twilio.restapi.RestAPIParseTest"/>
  <testcase name="testValidTwilioResponse" time="0.007" classname="org.dellroad.jibxbindings.twilio.restapi.RestAPIParseTest"/>
  <testcase name="testValidTwilioResponse" time="0.003" classname="org.dellroad.jibxbindings.twilio.restapi.RestAPIParseTest"/>
  <testcase name="testValidTwilioResponse" time="0.003" classname="org.dellroad.jibxbindings.twilio.restapi.RestAPIParseTest"/>
  <testcase name="testValidTwilioResponse" time="0.003" classname="org.dellroad.jibxbindings.twilio.restapi.RestAPIParseTest"/>
  <testcase name="testValidTwilioResponse" time="0.003" classname="org.dellroad.jibxbindings.twilio.restapi.RestAPIParseTest"/>
  <testcase name="testValidTwilioResponse" time="0.003" classname="org.dellroad.jibxbindings.twilio.restapi.RestAPIParseTest"/>
  <testcase name="testValidTwilioResponse" time="0.005" classname="org.dellroad.jibxbindings.twilio.restapi.RestAPIParseTest"/>
  <testcase name="testValidTwilioResponse" time="0.005" classname="org.dellroad.jibxbindings.twilio.restapi.RestAPIParseTest"/>
  <testcase name="testValidTwilioResponse" time="0.002" classname="org.dellroad.jibxbindings.twilio.restapi.RestAPIParseTest"/>
  <testcase name="testValidTwilioResponse" time="0.004" classname="org.dellroad.jibxbindings.twilio.restapi.RestAPIParseTest"/>
  <testcase name="testValidTwilioResponse" time="0.017" classname="org.dellroad.jibxbindings.twilio.restapi.RestAPIParseTest"/>
  <testcase name="testValidTwilioResponse" time="0.004" classname="org.dellroad.jibxbindings.twilio.restapi.RestAPIParseTest"/>
  <testcase name="testValidTwilioResponse" time="0.004" classname="org.dellroad.jibxbindings.twilio.restapi.RestAPIParseTest"/>
  <testcase name="testValidTwilioResponse" time="0.003" classname="org.dellroad.jibxbindings.twilio.restapi.RestAPIParseTest"/>
  <testcase name="testValidTwilioResponse" time="0.001" classname="org.dellroad.jibxbindings.twilio.restapi.RestAPIParseTest"/>
  <testcase name="testValidTwilioResponse" time="0.004" classname="org.dellroad.jibxbindings.twilio.restapi.RestAPIParseTest"/>
  <testcase name="testValidTwilioResponse" time="0.004" classname="org.dellroad.jibxbindings.twilio.restapi.RestAPIParseTest"/>
  <testcase name="testValidTwilioResponse" time="0.010" classname="org.dellroad.jibxbindings.twilio.restapi.RestAPIParseTest"/>
  <testcase name="testValidTwilioResponse" time="0.003" classname="org.dellroad.jibxbindings.twilio.restapi.RestAPIParseTest"/>
  <testcase name="testValidTwilioResponse" time="0.002" classname="org.dellroad.jibxbindings.twilio.restapi.RestAPIParseTest"/>
  <testcase name="testValidTwilioResponse" time="0.003" classname="org.dellroad.jibxbindings.twilio.restapi.RestAPIParseTest"/>
  <testcase name="testValidTwilioResponse" time="0.003" classname="org.dellroad.jibxbindings.twilio.restapi.RestAPIParseTest"/>
  <testcase name="testValidTwilioResponse" time="0.002" classname="org.dellroad.jibxbindings.twilio.restapi.RestAPIParseTest"/>
  <testcase name="testValidTwilioResponse" time="0.003" classname="org.dellroad.jibxbindings.twilio.restapi.RestAPIParseTest"/>
  <testcase name="testValidTwilioResponse" time="0.001" classname="org.dellroad.jibxbindings.twilio.restapi.RestAPIParseTest"/>
  <testcase name="testValidTwilioResponse" time="0.001" classname="org.dellroad.jibxbindings.twilio.restapi.RestAPIParseTest"/>
  <testcase name="testValidTwilioResponse" time="0.004" classname="org.dellroad.jibxbindings.twilio.restapi.RestAPIParseTest"/>
</testsuite>
