<?xml version="1.0" encoding="UTF-8"?>
<!-- Generated by org.testng.reporters.JUnitReportReporter -->
<testsuite hostname="macbook.dellroad.org" name="org.dellroad.jibxbindings.pidf.held.LocationRequestTest" tests="2" failures="0" timestamp="2 Apr 2012 18:19:58 GMT" time="0.011" errors="0">
  <testcase name="testValid" time="0.007" classname="org.dellroad.jibxbindings.pidf.held.LocationRequestTest"/>
  <testcase name="testValid" time="0.004" classname="org.dellroad.jibxbindings.pidf.held.LocationRequestTest"/>
</testsuite>
