<?xml version="1.0" encoding="UTF-8"?>
<!-- Generated by org.testng.reporters.JUnitReportReporter -->
<testsuite hostname="retina.dellroad.org" name="org.dellroad.jibxbindings.pidf.held.LocationResponseTest" tests="4" failures="0" timestamp="10 Nov 2014 18:38:35 GMT" time="0.030" errors="0">
  <testcase name="testValid" time="0.009" classname="org.dellroad.jibxbindings.pidf.held.LocationResponseTest"/>
  <testcase name="testValid" time="0.011" classname="org.dellroad.jibxbindings.pidf.held.LocationResponseTest"/>
  <testcase name="testValid" time="0.003" classname="org.dellroad.jibxbindings.pidf.held.LocationResponseTest"/>
  <testcase name="testValid" time="0.007" classname="org.dellroad.jibxbindings.pidf.held.LocationResponseTest"/>
</testsuite> <!-- org.dellroad.jibxbindings.pidf.held.LocationResponseTest -->
