<?xml version="1.0" encoding="UTF-8"?>
<!-- Generated by org.testng.reporters.JUnitReportReporter -->
<testsuite hostname="macbook.dellroad.org" name="org.dellroad.jibxbindings.twilio.twiml.TwiMLParseTest" tests="10" failures="0" timestamp="2 Apr 2012 18:19:58 GMT" time="0.017" errors="0">
  <testcase name="testValidResponse" time="0.005" classname="org.dellroad.jibxbindings.twilio.twiml.TwiMLParseTest"/>
  <testcase name="testValidResponse" time="0.002" classname="org.dellroad.jibxbindings.twilio.twiml.TwiMLParseTest"/>
  <testcase name="testValidResponse" time="0.001" classname="org.dellroad.jibxbindings.twilio.twiml.TwiMLParseTest"/>
  <testcase name="testValidResponse" time="0.001" classname="org.dellroad.jibxbindings.twilio.twiml.TwiMLParseTest"/>
  <testcase name="testValidResponse" time="0.001" classname="org.dellroad.jibxbindings.twilio.twiml.TwiMLParseTest"/>
  <testcase name="testValidResponse" time="0.002" classname="org.dellroad.jibxbindings.twilio.twiml.TwiMLParseTest"/>
  <testcase name="testValidResponse" time="0.001" classname="org.dellroad.jibxbindings.twilio.twiml.TwiMLParseTest"/>
  <testcase name="testValidResponse" time="0.001" classname="org.dellroad.jibxbindings.twilio.twiml.TwiMLParseTest"/>
  <testcase name="testValidResponse" time="0.002" classname="org.dellroad.jibxbindings.twilio.twiml.TwiMLParseTest"/>
  <testcase name="testValidResponse" time="0.001" classname="org.dellroad.jibxbindings.twilio.twiml.TwiMLParseTest"/>
</testsuite>
