<?xml version="1.0" encoding="UTF-8"?>
<!-- Generated by org.testng.reporters.JUnitReportReporter -->
<testsuite hostname="macbook.dellroad.org" name="org.dellroad.jibxbindings.pidf.PIDFParseTest" tests="17" failures="0" timestamp="2 Apr 2012 18:19:58 GMT" time="0.247" errors="0">
  <testcase name="testValid" time="0.036" classname="org.dellroad.jibxbindings.pidf.PIDFParseTest"/>
  <testcase name="testValid" time="0.007" classname="org.dellroad.jibxbindings.pidf.PIDFParseTest"/>
  <testcase name="testValid" time="0.036" classname="org.dellroad.jibxbindings.pidf.PIDFParseTest"/>
  <testcase name="testValid" time="0.008" classname="org.dellroad.jibxbindings.pidf.PIDFParseTest"/>
  <testcase name="testValid" time="0.008" classname="org.dellroad.jibxbindings.pidf.PIDFParseTest"/>
  <testcase name="testValid" time="0.017" classname="org.dellroad.jibxbindings.pidf.PIDFParseTest"/>
  <testcase name="testValid" time="0.007" classname="org.dellroad.jibxbindings.pidf.PIDFParseTest"/>
  <testcase name="testValid" time="0.004" classname="org.dellroad.jibxbindings.pidf.PIDFParseTest"/>
  <testcase name="testValid" time="0.012" classname="org.dellroad.jibxbindings.pidf.PIDFParseTest"/>
  <testcase name="testValid" time="0.006" classname="org.dellroad.jibxbindings.pidf.PIDFParseTest"/>
  <testcase name="testValid" time="0.010" classname="org.dellroad.jibxbindings.pidf.PIDFParseTest"/>
  <testcase name="testValid" time="0.012" classname="org.dellroad.jibxbindings.pidf.PIDFParseTest"/>
  <testcase name="testValid" time="0.010" classname="org.dellroad.jibxbindings.pidf.PIDFParseTest"/>
  <testcase name="testValid" time="0.034" classname="org.dellroad.jibxbindings.pidf.PIDFParseTest"/>
  <testcase name="testValid" time="0.003" classname="org.dellroad.jibxbindings.pidf.PIDFParseTest"/>
  <testcase name="testValid" time="0.022" classname="org.dellroad.jibxbindings.pidf.PIDFParseTest"/>
  <testcase name="testValid" time="0.015" classname="org.dellroad.jibxbindings.pidf.PIDFParseTest"/>
</testsuite>
