<?xml version="1.0" encoding="UTF-8"?>
<!-- Generated by org.testng.reporters.JUnitReportReporter -->
<testsuite hostname="retina.dellroad.org" name="org.dellroad.jibxbindings.twilio.twiml.TwiMLParseTest" tests="10" failures="0" timestamp="5 Nov 2014 16:31:02 GMT" time="0.016" errors="0">
  <testcase name="testValidResponse" time="0.001" classname="org.dellroad.jibxbindings.twilio.twiml.TwiMLParseTest"/>
  <testcase name="testValidResponse" time="0.001" classname="org.dellroad.jibxbindings.twilio.twiml.TwiMLParseTest"/>
  <testcase name="testValidResponse" time="0.003" classname="org.dellroad.jibxbindings.twilio.twiml.TwiMLParseTest"/>
  <testcase name="testValidResponse" time="0.002" classname="org.dellroad.jibxbindings.twilio.twiml.TwiMLParseTest"/>
  <testcase name="testValidResponse" time="0.001" classname="org.dellroad.jibxbindings.twilio.twiml.TwiMLParseTest"/>
  <testcase name="testValidResponse" time="0.003" classname="org.dellroad.jibxbindings.twilio.twiml.TwiMLParseTest"/>
  <testcase name="testValidResponse" time="0.001" classname="org.dellroad.jibxbindings.twilio.twiml.TwiMLParseTest"/>
  <testcase name="testValidResponse" time="0.001" classname="org.dellroad.jibxbindings.twilio.twiml.TwiMLParseTest"/>
  <testcase name="testValidResponse" time="0.001" classname="org.dellroad.jibxbindings.twilio.twiml.TwiMLParseTest"/>
  <testcase name="testValidResponse" time="0.002" classname="org.dellroad.jibxbindings.twilio.twiml.TwiMLParseTest"/>
</testsuite> <!-- org.dellroad.jibxbindings.twilio.twiml.TwiMLParseTest -->
