<?xml version="1.0" encoding="UTF-8"?>
<!-- Generated by org.testng.reporters.JUnitReportReporter -->
<testsuite hostname="starfish" name="org.dellroad.jibxbindings.twilio.twiml.TwiMLParseTest" tests="10" failures="0" timestamp="2 Dec 2011 19:55:31 GMT" time="0.012" errors="0">
  <testcase name="testValidResponse" time="0.001" classname="org.dellroad.jibxbindings.twilio.twiml.TwiMLParseTest"/>
  <testcase name="testValidResponse" time="0.002" classname="org.dellroad.jibxbindings.twilio.twiml.TwiMLParseTest"/>
  <testcase name="testValidResponse" time="0.001" classname="org.dellroad.jibxbindings.twilio.twiml.TwiMLParseTest"/>
  <testcase name="testValidResponse" time="0.002" classname="org.dellroad.jibxbindings.twilio.twiml.TwiMLParseTest"/>
  <testcase name="testValidResponse" time="0.001" classname="org.dellroad.jibxbindings.twilio.twiml.TwiMLParseTest"/>
  <testcase name="testValidResponse" time="0.001" classname="org.dellroad.jibxbindings.twilio.twiml.TwiMLParseTest"/>
  <testcase name="testValidResponse" time="0.001" classname="org.dellroad.jibxbindings.twilio.twiml.TwiMLParseTest"/>
  <testcase name="testValidResponse" time="0.001" classname="org.dellroad.jibxbindings.twilio.twiml.TwiMLParseTest"/>
  <testcase name="testValidResponse" time="0.001" classname="org.dellroad.jibxbindings.twilio.twiml.TwiMLParseTest"/>
  <testcase name="testValidResponse" time="0.001" classname="org.dellroad.jibxbindings.twilio.twiml.TwiMLParseTest"/>
</testsuite>
