<?xml version="1.0" encoding="UTF-8"?>
<!-- Generated by org.testng.reporters.JUnitReportReporter -->
<testsuite hostname="retina.dellroad.org" name="org.dellroad.jibxbindings.pidf.held.ErrorTest" tests="2" failures="0" timestamp="20 Mar 2014 18:59:45 GMT" time="0.057" errors="0">
  <testcase name="testValid" time="0.056" classname="org.dellroad.jibxbindings.pidf.held.ErrorTest"/>
  <testcase name="testValid" time="0.001" classname="org.dellroad.jibxbindings.pidf.held.ErrorTest"/>
</testsuite>
