<?xml version="1.0" encoding="UTF-8"?>
<!-- Generated by org.testng.reporters.JUnitReportReporter -->
<testsuite hostname="starfish" name="org.dellroad.jibxbindings.ParseUtilTest" tests="14" failures="0" timestamp="2 Dec 2011 19:55:31 GMT" time="0.027" errors="0">
  <testcase name="testRFC3339" time="0.000" classname="org.dellroad.jibxbindings.ParseUtilTest"/>
  <testcase name="testRFC3339" time="0.001" classname="org.dellroad.jibxbindings.ParseUtilTest"/>
  <testcase name="testRFC3339" time="0.000" classname="org.dellroad.jibxbindings.ParseUtilTest"/>
  <testcase name="testRFC3339" time="0.000" classname="org.dellroad.jibxbindings.ParseUtilTest"/>
  <testcase name="testRFC3339" time="0.000" classname="org.dellroad.jibxbindings.ParseUtilTest"/>
  <testcase name="testRFC3339" time="0.001" classname="org.dellroad.jibxbindings.ParseUtilTest"/>
  <testcase name="testRFC3339" time="0.001" classname="org.dellroad.jibxbindings.ParseUtilTest"/>
  <testcase name="testRFC3339" time="0.001" classname="org.dellroad.jibxbindings.ParseUtilTest"/>
  <testcase name="testRFC3339" time="0.001" classname="org.dellroad.jibxbindings.ParseUtilTest"/>
  <testcase name="testRFC3339" time="0.019" classname="org.dellroad.jibxbindings.ParseUtilTest"/>
  <testcase name="testRFC3339" time="0.000" classname="org.dellroad.jibxbindings.ParseUtilTest"/>
  <testcase name="testRFC3339" time="0.001" classname="org.dellroad.jibxbindings.ParseUtilTest"/>
  <testcase name="testRFC3339" time="0.001" classname="org.dellroad.jibxbindings.ParseUtilTest"/>
  <testcase name="testRFC3339" time="0.001" classname="org.dellroad.jibxbindings.ParseUtilTest"/>
</testsuite>
