<?xml version="1.0" encoding="UTF-8"?>
<!-- Generated by org.testng.reporters.JUnitReportReporter -->
<testsuite hostname="retina.dellroad.org" name="org.dellroad.jibxbindings.pidf.held.LocationResponseTest" tests="4" failures="0" timestamp="5 Nov 2014 16:31:02 GMT" time="0.028" errors="0">
  <testcase name="testValid" time="0.008" classname="org.dellroad.jibxbindings.pidf.held.LocationResponseTest"/>
  <testcase name="testValid" time="0.002" classname="org.dellroad.jibxbindings.pidf.held.LocationResponseTest"/>
  <testcase name="testValid" time="0.010" classname="org.dellroad.jibxbindings.pidf.held.LocationResponseTest"/>
  <testcase name="testValid" time="0.008" classname="org.dellroad.jibxbindings.pidf.held.LocationResponseTest"/>
</testsuite> <!-- org.dellroad.jibxbindings.pidf.held.LocationResponseTest -->
