<?xml version="1.0" encoding="UTF-8"?>
<!-- Generated by org.testng.reporters.JUnitReportReporter -->
<testsuite hostname="starfish" name="org.dellroad.jibxbindings.pidf.held.ErrorTest" tests="2" failures="0" timestamp="27 Nov 2011 20:11:25 GMT" time="0.003" errors="0">
  <testcase name="testValid" time="0.001" classname="org.dellroad.jibxbindings.pidf.held.ErrorTest"/>
  <testcase name="testValid" time="0.002" classname="org.dellroad.jibxbindings.pidf.held.ErrorTest"/>
</testsuite>
