<?xml version="1.0" encoding="UTF-8"?>
<!-- Generated by org.testng.reporters.JUnitReportReporter -->
<testsuite hostname="retina.dellroad.org" name="org.dellroad.jibxbindings.ParseUtilTest" tests="14" failures="0" timestamp="16 Nov 2014 16:12:06 GMT" time="0.033" errors="0">
  <testcase name="testRFC3339" time="0.000" classname="org.dellroad.jibxbindings.ParseUtilTest"/>
  <testcase name="testRFC3339" time="0.000" classname="org.dellroad.jibxbindings.ParseUtilTest"/>
  <testcase name="testRFC3339" time="0.001" classname="org.dellroad.jibxbindings.ParseUtilTest"/>
  <testcase name="testRFC3339" time="0.001" classname="org.dellroad.jibxbindings.ParseUtilTest"/>
  <testcase name="testRFC3339" time="0.026" classname="org.dellroad.jibxbindings.ParseUtilTest"/>
  <testcase name="testRFC3339" time="0.001" classname="org.dellroad.jibxbindings.ParseUtilTest"/>
  <testcase name="testRFC3339" time="0.000" classname="org.dellroad.jibxbindings.ParseUtilTest"/>
  <testcase name="testRFC3339" time="0.001" classname="org.dellroad.jibxbindings.ParseUtilTest"/>
  <testcase name="testRFC3339" time="0.000" classname="org.dellroad.jibxbindings.ParseUtilTest"/>
  <testcase name="testRFC3339" time="0.000" classname="org.dellroad.jibxbindings.ParseUtilTest"/>
  <testcase name="testRFC3339" time="0.000" classname="org.dellroad.jibxbindings.ParseUtilTest"/>
  <testcase name="testRFC3339" time="0.003" classname="org.dellroad.jibxbindings.ParseUtilTest"/>
  <testcase name="testRFC3339" time="0.000" classname="org.dellroad.jibxbindings.ParseUtilTest"/>
  <testcase name="testRFC3339" time="0.000" classname="org.dellroad.jibxbindings.ParseUtilTest"/>
</testsuite> <!-- org.dellroad.jibxbindings.ParseUtilTest -->
