<?xml version="1.0" encoding="UTF-8"?>
<!-- Generated by org.testng.reporters.JUnitReportReporter -->
<testsuite hostname="macbook.dellroad.org" name="org.dellroad.jibxbindings.twilio.restapi.RestAPIParseTest" tests="49" failures="0" timestamp="2 Apr 2012 18:19:58 GMT" time="0.391" errors="0">
  <testcase name="testValidTwilioResponse" time="0.011" classname="org.dellroad.jibxbindings.twilio.restapi.RestAPIParseTest"/>
  <testcase name="testValidTwilioResponse" time="0.022" classname="org.dellroad.jibxbindings.twilio.restapi.RestAPIParseTest"/>
  <testcase name="testValidTwilioResponse" time="0.001" classname="org.dellroad.jibxbindings.twilio.restapi.RestAPIParseTest"/>
  <testcase name="testValidTwilioResponse" time="0.001" classname="org.dellroad.jibxbindings.twilio.restapi.RestAPIParseTest"/>
  <testcase name="testValidTwilioResponse" time="0.010" classname="org.dellroad.jibxbindings.twilio.restapi.RestAPIParseTest"/>
  <testcase name="testValidTwilioResponse" time="0.003" classname="org.dellroad.jibxbindings.twilio.restapi.RestAPIParseTest"/>
  <testcase name="testValidTwilioResponse" time="0.005" classname="org.dellroad.jibxbindings.twilio.restapi.RestAPIParseTest"/>
  <testcase name="testValidTwilioResponse" time="0.003" classname="org.dellroad.jibxbindings.twilio.restapi.RestAPIParseTest"/>
  <testcase name="testValidTwilioResponse" time="0.023" classname="org.dellroad.jibxbindings.twilio.restapi.RestAPIParseTest"/>
  <testcase name="testValidTwilioResponse" time="0.002" classname="org.dellroad.jibxbindings.twilio.restapi.RestAPIParseTest"/>
  <testcase name="testValidTwilioResponse" time="0.003" classname="org.dellroad.jibxbindings.twilio.restapi.RestAPIParseTest"/>
  <testcase name="testValidTwilioResponse" time="0.011" classname="org.dellroad.jibxbindings.twilio.restapi.RestAPIParseTest"/>
  <testcase name="testValidTwilioResponse" time="0.004" classname="org.dellroad.jibxbindings.twilio.restapi.RestAPIParseTest"/>
  <testcase name="testValidTwilioResponse" time="0.004" classname="org.dellroad.jibxbindings.twilio.restapi.RestAPIParseTest"/>
  <testcase name="testValidTwilioResponse" time="0.018" classname="org.dellroad.jibxbindings.twilio.restapi.RestAPIParseTest"/>
  <testcase name="testValidTwilioResponse" time="0.005" classname="org.dellroad.jibxbindings.twilio.restapi.RestAPIParseTest"/>
  <testcase name="testValidTwilioResponse" time="0.020" classname="org.dellroad.jibxbindings.twilio.restapi.RestAPIParseTest"/>
  <testcase name="testValidTwilioResponse" time="0.040" classname="org.dellroad.jibxbindings.twilio.restapi.RestAPIParseTest"/>
  <testcase name="testValidTwilioResponse" time="0.003" classname="org.dellroad.jibxbindings.twilio.restapi.RestAPIParseTest"/>
  <testcase name="testValidTwilioResponse" time="0.006" classname="org.dellroad.jibxbindings.twilio.restapi.RestAPIParseTest"/>
  <testcase name="testValidTwilioResponse" time="0.003" classname="org.dellroad.jibxbindings.twilio.restapi.RestAPIParseTest"/>
  <testcase name="testValidTwilioResponse" time="0.001" classname="org.dellroad.jibxbindings.twilio.restapi.RestAPIParseTest"/>
  <testcase name="testValidTwilioResponse" time="0.004" classname="org.dellroad.jibxbindings.twilio.restapi.RestAPIParseTest"/>
  <testcase name="testValidTwilioResponse" time="0.011" classname="org.dellroad.jibxbindings.twilio.restapi.RestAPIParseTest"/>
  <testcase name="testValidTwilioResponse" time="0.005" classname="org.dellroad.jibxbindings.twilio.restapi.RestAPIParseTest"/>
  <testcase name="testValidTwilioResponse" time="0.014" classname="org.dellroad.jibxbindings.twilio.restapi.RestAPIParseTest"/>
  <testcase name="testValidTwilioResponse" time="0.011" classname="org.dellroad.jibxbindings.twilio.restapi.RestAPIParseTest"/>
  <testcase name="testValidTwilioResponse" time="0.011" classname="org.dellroad.jibxbindings.twilio.restapi.RestAPIParseTest"/>
  <testcase name="testValidTwilioResponse" time="0.003" classname="org.dellroad.jibxbindings.twilio.restapi.RestAPIParseTest"/>
  <testcase name="testValidTwilioResponse" time="0.026" classname="org.dellroad.jibxbindings.twilio.restapi.RestAPIParseTest"/>
  <testcase name="testValidTwilioResponse" time="0.004" classname="org.dellroad.jibxbindings.twilio.restapi.RestAPIParseTest"/>
  <testcase name="testValidTwilioResponse" time="0.004" classname="org.dellroad.jibxbindings.twilio.restapi.RestAPIParseTest"/>
  <testcase name="testValidTwilioResponse" time="0.001" classname="org.dellroad.jibxbindings.twilio.restapi.RestAPIParseTest"/>
  <testcase name="testValidTwilioResponse" time="0.002" classname="org.dellroad.jibxbindings.twilio.restapi.RestAPIParseTest"/>
  <testcase name="testValidTwilioResponse" time="0.005" classname="org.dellroad.jibxbindings.twilio.restapi.RestAPIParseTest"/>
  <testcase name="testValidTwilioResponse" time="0.002" classname="org.dellroad.jibxbindings.twilio.restapi.RestAPIParseTest"/>
  <testcase name="testValidTwilioResponse" time="0.015" classname="org.dellroad.jibxbindings.twilio.restapi.RestAPIParseTest"/>
  <testcase name="testValidTwilioResponse" time="0.003" classname="org.dellroad.jibxbindings.twilio.restapi.RestAPIParseTest"/>
  <testcase name="testValidTwilioResponse" time="0.003" classname="org.dellroad.jibxbindings.twilio.restapi.RestAPIParseTest"/>
  <testcase name="testValidTwilioResponse" time="0.006" classname="org.dellroad.jibxbindings.twilio.restapi.RestAPIParseTest"/>
  <testcase name="testValidTwilioResponse" time="0.031" classname="org.dellroad.jibxbindings.twilio.restapi.RestAPIParseTest"/>
  <testcase name="testValidTwilioResponse" time="0.005" classname="org.dellroad.jibxbindings.twilio.restapi.RestAPIParseTest"/>
  <testcase name="testValidTwilioResponse" time="0.002" classname="org.dellroad.jibxbindings.twilio.restapi.RestAPIParseTest"/>
  <testcase name="testValidTwilioResponse" time="0.003" classname="org.dellroad.jibxbindings.twilio.restapi.RestAPIParseTest"/>
  <testcase name="testValidTwilioResponse" time="0.003" classname="org.dellroad.jibxbindings.twilio.restapi.RestAPIParseTest"/>
  <testcase name="testValidTwilioResponse" time="0.005" classname="org.dellroad.jibxbindings.twilio.restapi.RestAPIParseTest"/>
  <testcase name="testValidTwilioResponse" time="0.005" classname="org.dellroad.jibxbindings.twilio.restapi.RestAPIParseTest"/>
  <testcase name="testValidTwilioResponse" time="0.003" classname="org.dellroad.jibxbindings.twilio.restapi.RestAPIParseTest"/>
  <testcase name="testValidTwilioResponse" time="0.005" classname="org.dellroad.jibxbindings.twilio.restapi.RestAPIParseTest"/>
</testsuite>
