<?xml version="1.0" encoding="UTF-8"?>
<!-- Generated by org.testng.reporters.JUnitReportReporter -->
<testsuite hostname="ops.patientexp.com" name="org.dellroad.jibxbindings.pidf.held.ErrorTest" tests="2" failures="0" timestamp="12 Apr 2013 02:19:13 GMT" time="0.065" errors="0">
  <testcase name="testValid" time="0.059" classname="org.dellroad.jibxbindings.pidf.held.ErrorTest"/>
  <testcase name="testValid" time="0.006" classname="org.dellroad.jibxbindings.pidf.held.ErrorTest"/>
</testsuite>
