<?xml version="1.0" encoding="UTF-8"?>
<!-- Generated by org.testng.reporters.JUnitReportReporter -->
<testsuite hostname="ecx.dellroad.org" name="org.dellroad.jibxbindings.pidf.PIDFParseTest" tests="3" failures="0" timestamp="8 Jul 2011 03:09:05 GMT" time="0.088" errors="0">
  <testcase name="testValid" time="0.022" classname="org.dellroad.jibxbindings.pidf.PIDFParseTest"/>
  <testcase name="testValid" time="0.064" classname="org.dellroad.jibxbindings.pidf.PIDFParseTest"/>
  <testcase name="testValid" time="0.002" classname="org.dellroad.jibxbindings.pidf.PIDFParseTest"/>
</testsuite>
