<?xml version="1.0" encoding="UTF-8"?>
<!-- Generated by org.testng.reporters.JUnitReportReporter -->
<testsuite hostname="retina.dellroad.org" name="org.dellroad.jibxbindings.pidf.held.ErrorTest" tests="2" failures="0" timestamp="16 Nov 2014 16:12:06 GMT" time="0.039" errors="0">
  <testcase name="testValid" time="0.001" classname="org.dellroad.jibxbindings.pidf.held.ErrorTest"/>
  <testcase name="testValid" time="0.038" classname="org.dellroad.jibxbindings.pidf.held.ErrorTest"/>
</testsuite> <!-- org.dellroad.jibxbindings.pidf.held.ErrorTest -->
