<?xml version="1.0" encoding="UTF-8"?>
<!-- Generated by org.testng.reporters.JUnitReportReporter -->
<testsuite hostname="ops.patientexp.com" name="org.dellroad.jibxbindings.pidf.held.LocationRequestTest" tests="2" failures="0" timestamp="12 Apr 2013 02:19:13 GMT" time="0.006" errors="0">
  <testcase name="testValid" time="0.005" classname="org.dellroad.jibxbindings.pidf.held.LocationRequestTest"/>
  <testcase name="testValid" time="0.001" classname="org.dellroad.jibxbindings.pidf.held.LocationRequestTest"/>
</testsuite>
