<?xml version="1.0" encoding="UTF-8"?>
<!-- Generated by org.testng.reporters.JUnitReportReporter -->
<testsuite hostname="retina.dellroad.org" name="org.dellroad.jibxbindings.ParseUtilTest" tests="14" failures="0" timestamp="20 Mar 2014 18:59:45 GMT" time="0.010" errors="0">
  <testcase name="testRFC3339" time="0.001" classname="org.dellroad.jibxbindings.ParseUtilTest"/>
  <testcase name="testRFC3339" time="0.001" classname="org.dellroad.jibxbindings.ParseUtilTest"/>
  <testcase name="testRFC3339" time="0.002" classname="org.dellroad.jibxbindings.ParseUtilTest"/>
  <testcase name="testRFC3339" time="0.000" classname="org.dellroad.jibxbindings.ParseUtilTest"/>
  <testcase name="testRFC3339" time="0.001" classname="org.dellroad.jibxbindings.ParseUtilTest"/>
  <testcase name="testRFC3339" time="0.000" classname="org.dellroad.jibxbindings.ParseUtilTest"/>
  <testcase name="testRFC3339" time="0.000" classname="org.dellroad.jibxbindings.ParseUtilTest"/>
  <testcase name="testRFC3339" time="0.001" classname="org.dellroad.jibxbindings.ParseUtilTest"/>
  <testcase name="testRFC3339" time="0.001" classname="org.dellroad.jibxbindings.ParseUtilTest"/>
  <testcase name="testRFC3339" time="0.000" classname="org.dellroad.jibxbindings.ParseUtilTest"/>
  <testcase name="testRFC3339" time="0.001" classname="org.dellroad.jibxbindings.ParseUtilTest"/>
  <testcase name="testRFC3339" time="0.000" classname="org.dellroad.jibxbindings.ParseUtilTest"/>
  <testcase name="testRFC3339" time="0.001" classname="org.dellroad.jibxbindings.ParseUtilTest"/>
  <testcase name="testRFC3339" time="0.001" classname="org.dellroad.jibxbindings.ParseUtilTest"/>
</testsuite>
