<?xml version="1.0" encoding="UTF-8"?>
<!-- Generated by org.testng.reporters.JUnitReportReporter -->
<testsuite hostname="retina.dellroad.org" name="org.dellroad.jibxbindings.pidf.held.LocationResponseTest" tests="5" failures="0" timestamp="16 Nov 2014 16:12:06 GMT" time="0.202" errors="0">
  <testcase name="testValid" time="0.003" classname="org.dellroad.jibxbindings.pidf.held.LocationResponseTest"/>
  <testcase name="testValid" time="0.171" classname="org.dellroad.jibxbindings.pidf.held.LocationResponseTest"/>
  <testcase name="testValid" time="0.009" classname="org.dellroad.jibxbindings.pidf.held.LocationResponseTest"/>
  <testcase name="testValid" time="0.007" classname="org.dellroad.jibxbindings.pidf.held.LocationResponseTest"/>
  <testcase name="testValid" time="0.012" classname="org.dellroad.jibxbindings.pidf.held.LocationResponseTest"/>
</testsuite> <!-- org.dellroad.jibxbindings.pidf.held.LocationResponseTest -->
